{"/Users/artemchernyak/dev/js/tdjsa/testnode/stockfetch/src/stockfetch.js":{"path":"/Users/artemchernyak/dev/js/tdjsa/testnode/stockfetch/src/stockfetch.js","s":{"1":1,"2":1,"3":1,"4":27,"5":5,"6":5,"7":5,"8":2,"9":3,"10":3,"11":1,"12":2,"13":5,"14":27,"15":5,"16":15,"17":5,"18":27,"19":3,"20":3,"21":3,"22":11,"23":27,"24":27,"25":27,"26":8,"27":8,"28":27,"29":8,"30":8,"31":6,"32":6,"33":604,"34":6,"35":5,"36":2,"37":27,"38":1,"39":27,"40":27,"41":6,"42":6,"43":6,"44":27,"45":27,"46":3,"47":3,"48":27,"49":10,"50":3,"51":27,"52":5,"53":9,"54":5,"55":27,"56":27,"57":2,"58":2,"59":1},"b":{"1":[2,3],"2":[1,2],"3":[15,11],"4":[6,2],"5":[3,7]},"f":{"1":27,"2":5,"3":5,"4":5,"5":15,"6":3,"7":11,"8":8,"9":8,"10":604,"11":5,"12":1,"13":6,"14":3,"15":10,"16":5,"17":9,"18":1,"19":2},"fnMap":{"1":{"name":"(anonymous_1)","line":4,"loc":{"start":{"line":4,"column":17},"end":{"line":4,"column":28}}},"2":{"name":"(anonymous_2)","line":5,"loc":{"start":{"line":5,"column":25},"end":{"line":5,"column":53}}},"3":{"name":"(anonymous_3)","line":8,"loc":{"start":{"line":8,"column":26},"end":{"line":8,"column":46}}},"4":{"name":"(anonymous_4)","line":23,"loc":{"start":{"line":23,"column":22},"end":{"line":23,"column":40}}},"5":{"name":"(anonymous_5)","line":24,"loc":{"start":{"line":24,"column":26},"end":{"line":24,"column":40}}},"6":{"name":"(anonymous_6)","line":30,"loc":{"start":{"line":30,"column":24},"end":{"line":30,"column":42}}},"7":{"name":"(anonymous_7)","line":33,"loc":{"start":{"line":33,"column":20},"end":{"line":33,"column":37}}},"8":{"name":"(anonymous_8)","line":40,"loc":{"start":{"line":40,"column":18},"end":{"line":40,"column":35}}},"9":{"name":"(anonymous_9)","line":46,"loc":{"start":{"line":46,"column":25},"end":{"line":46,"column":52}}},"10":{"name":"(anonymous_10)","line":51,"loc":{"start":{"line":51,"column":26},"end":{"line":51,"column":42}}},"11":{"name":"(anonymous_11)","line":52,"loc":{"start":{"line":52,"column":25},"end":{"line":52,"column":36}}},"12":{"name":"(anonymous_12)","line":58,"loc":{"start":{"line":58,"column":26},"end":{"line":58,"column":50}}},"13":{"name":"(anonymous_13)","line":64,"loc":{"start":{"line":64,"column":20},"end":{"line":64,"column":43}}},"14":{"name":"(anonymous_14)","line":72,"loc":{"start":{"line":72,"column":22},"end":{"line":72,"column":46}}},"15":{"name":"(anonymous_15)","line":77,"loc":{"start":{"line":77,"column":21},"end":{"line":77,"column":32}}},"16":{"name":"(anonymous_16)","line":83,"loc":{"start":{"line":83,"column":18},"end":{"line":83,"column":39}}},"17":{"name":"(anonymous_17)","line":84,"loc":{"start":{"line":84,"column":18},"end":{"line":84,"column":32}}},"18":{"name":"(anonymous_18)","line":88,"loc":{"start":{"line":88,"column":24},"end":{"line":88,"column":35}}},"19":{"name":"(anonymous_19)","line":90,"loc":{"start":{"line":90,"column":28},"end":{"line":90,"column":67}}}},"statementMap":{"1":{"start":{"line":1,"column":0},"end":{"line":1,"column":23}},"2":{"start":{"line":2,"column":0},"end":{"line":2,"column":27}},"3":{"start":{"line":4,"column":0},"end":{"line":94,"column":2}},"4":{"start":{"line":5,"column":2},"end":{"line":21,"column":4}},"5":{"start":{"line":6,"column":4},"end":{"line":6,"column":20}},"6":{"start":{"line":8,"column":4},"end":{"line":18,"column":6}},"7":{"start":{"line":9,"column":6},"end":{"line":17,"column":7}},"8":{"start":{"line":10,"column":8},"end":{"line":10,"column":51}},"9":{"start":{"line":12,"column":8},"end":{"line":12,"column":57}},"10":{"start":{"line":13,"column":8},"end":{"line":16,"column":39}},"11":{"start":{"line":14,"column":10},"end":{"line":14,"column":63}},"12":{"start":{"line":16,"column":10},"end":{"line":16,"column":39}},"13":{"start":{"line":20,"column":4},"end":{"line":20,"column":43}},"14":{"start":{"line":23,"column":2},"end":{"line":28,"column":4}},"15":{"start":{"line":24,"column":4},"end":{"line":26,"column":6}},"16":{"start":{"line":25,"column":6},"end":{"line":25,"column":61}},"17":{"start":{"line":27,"column":4},"end":{"line":27,"column":55}},"18":{"start":{"line":30,"column":2},"end":{"line":34,"column":4}},"19":{"start":{"line":31,"column":4},"end":{"line":31,"column":20}},"20":{"start":{"line":32,"column":4},"end":{"line":32,"column":39}},"21":{"start":{"line":33,"column":4},"end":{"line":33,"column":65}},"22":{"start":{"line":33,"column":39},"end":{"line":33,"column":62}},"23":{"start":{"line":36,"column":2},"end":{"line":36,"column":24}},"24":{"start":{"line":38,"column":2},"end":{"line":38,"column":19}},"25":{"start":{"line":40,"column":2},"end":{"line":44,"column":4}},"26":{"start":{"line":41,"column":4},"end":{"line":41,"column":70}},"27":{"start":{"line":42,"column":4},"end":{"line":43,"column":61}},"28":{"start":{"line":46,"column":2},"end":{"line":56,"column":4}},"29":{"start":{"line":47,"column":4},"end":{"line":47,"column":20}},"30":{"start":{"line":49,"column":4},"end":{"line":55,"column":5}},"31":{"start":{"line":50,"column":6},"end":{"line":50,"column":20}},"32":{"start":{"line":51,"column":6},"end":{"line":51,"column":62}},"33":{"start":{"line":51,"column":44},"end":{"line":51,"column":58}},"34":{"start":{"line":52,"column":6},"end":{"line":52,"column":72}},"35":{"start":{"line":52,"column":38},"end":{"line":52,"column":68}},"36":{"start":{"line":54,"column":6},"end":{"line":54,"column":53}},"37":{"start":{"line":58,"column":2},"end":{"line":60,"column":4}},"38":{"start":{"line":59,"column":4},"end":{"line":59,"column":42}},"39":{"start":{"line":62,"column":2},"end":{"line":62,"column":19}},"40":{"start":{"line":64,"column":2},"end":{"line":68,"column":4}},"41":{"start":{"line":65,"column":4},"end":{"line":65,"column":53}},"42":{"start":{"line":66,"column":4},"end":{"line":66,"column":32}},"43":{"start":{"line":67,"column":4},"end":{"line":67,"column":23}},"44":{"start":{"line":70,"column":2},"end":{"line":70,"column":19}},"45":{"start":{"line":72,"column":2},"end":{"line":75,"column":4}},"46":{"start":{"line":73,"column":4},"end":{"line":73,"column":32}},"47":{"start":{"line":74,"column":4},"end":{"line":74,"column":23}},"48":{"start":{"line":77,"column":2},"end":{"line":81,"column":4}},"49":{"start":{"line":78,"column":4},"end":{"line":80,"column":82}},"50":{"start":{"line":80,"column":6},"end":{"line":80,"column":82}},"51":{"start":{"line":83,"column":2},"end":{"line":86,"column":4}},"52":{"start":{"line":84,"column":4},"end":{"line":84,"column":67}},"53":{"start":{"line":84,"column":34},"end":{"line":84,"column":64}},"54":{"start":{"line":85,"column":4},"end":{"line":85,"column":55}},"55":{"start":{"line":88,"column":2},"end":{"line":88,"column":38}},"56":{"start":{"line":90,"column":2},"end":{"line":93,"column":4}},"57":{"start":{"line":91,"column":4},"end":{"line":91,"column":36}},"58":{"start":{"line":92,"column":4},"end":{"line":92,"column":44}},"59":{"start":{"line":96,"column":0},"end":{"line":96,"column":28}}},"branchMap":{"1":{"line":9,"type":"if","locations":[{"start":{"line":9,"column":6},"end":{"line":9,"column":6}},{"start":{"line":9,"column":6},"end":{"line":9,"column":6}}]},"2":{"line":13,"type":"if","locations":[{"start":{"line":13,"column":8},"end":{"line":13,"column":8}},{"start":{"line":13,"column":8},"end":{"line":13,"column":8}}]},"3":{"line":25,"type":"binary-expr","locations":[{"start":{"line":25,"column":13},"end":{"line":25,"column":36}},{"start":{"line":25,"column":40},"end":{"line":25,"column":60}}]},"4":{"line":49,"type":"if","locations":[{"start":{"line":49,"column":4},"end":{"line":49,"column":4}},{"start":{"line":49,"column":4},"end":{"line":49,"column":4}}]},"5":{"line":78,"type":"if","locations":[{"start":{"line":78,"column":4},"end":{"line":78,"column":4}},{"start":{"line":78,"column":4},"end":{"line":78,"column":4}}]}}}}