{"/Users/artemchernyak/dev/js/tdjsa/testnode/stockfetch/src/stockfetch.js":{"path":"/Users/artemchernyak/dev/js/tdjsa/testnode/stockfetch/src/stockfetch.js","s":{"1":1,"2":1,"3":1,"4":16,"5":3,"6":3,"7":3,"8":1,"9":2,"10":2,"11":1,"12":1,"13":3,"14":16,"15":4,"16":10,"17":4,"18":16,"19":2,"20":2,"21":2,"22":6,"23":16,"24":16,"25":16,"26":3,"27":3,"28":16,"29":3,"30":3,"31":2,"32":2,"33":2,"34":2,"35":1,"36":1,"37":16,"38":16,"39":16,"40":1},"b":{"1":[1,2],"2":[1,1],"3":[10,6],"4":[2,1]},"f":{"1":16,"2":3,"3":3,"4":4,"5":10,"6":2,"7":6,"8":3,"9":3,"10":2,"11":1,"12":0,"13":0,"14":0},"fnMap":{"1":{"name":"(anonymous_1)","line":4,"loc":{"start":{"line":4,"column":17},"end":{"line":4,"column":28}}},"2":{"name":"(anonymous_2)","line":5,"loc":{"start":{"line":5,"column":25},"end":{"line":5,"column":53}}},"3":{"name":"(anonymous_3)","line":8,"loc":{"start":{"line":8,"column":26},"end":{"line":8,"column":46}}},"4":{"name":"(anonymous_4)","line":23,"loc":{"start":{"line":23,"column":22},"end":{"line":23,"column":40}}},"5":{"name":"(anonymous_5)","line":24,"loc":{"start":{"line":24,"column":26},"end":{"line":24,"column":40}}},"6":{"name":"(anonymous_6)","line":30,"loc":{"start":{"line":30,"column":24},"end":{"line":30,"column":42}}},"7":{"name":"(anonymous_7)","line":33,"loc":{"start":{"line":33,"column":20},"end":{"line":33,"column":37}}},"8":{"name":"(anonymous_8)","line":40,"loc":{"start":{"line":40,"column":18},"end":{"line":40,"column":35}}},"9":{"name":"(anonymous_9)","line":46,"loc":{"start":{"line":46,"column":25},"end":{"line":46,"column":52}}},"10":{"name":"(anonymous_10)","line":51,"loc":{"start":{"line":51,"column":26},"end":{"line":51,"column":42}}},"11":{"name":"(anonymous_11)","line":52,"loc":{"start":{"line":52,"column":25},"end":{"line":52,"column":36}}},"12":{"name":"(anonymous_12)","line":58,"loc":{"start":{"line":58,"column":20},"end":{"line":58,"column":31}}},"13":{"name":"(anonymous_13)","line":60,"loc":{"start":{"line":60,"column":22},"end":{"line":60,"column":33}}},"14":{"name":"(anonymous_14)","line":62,"loc":{"start":{"line":62,"column":26},"end":{"line":62,"column":37}}}},"statementMap":{"1":{"start":{"line":1,"column":0},"end":{"line":1,"column":23}},"2":{"start":{"line":2,"column":0},"end":{"line":2,"column":27}},"3":{"start":{"line":4,"column":0},"end":{"line":63,"column":2}},"4":{"start":{"line":5,"column":2},"end":{"line":21,"column":4}},"5":{"start":{"line":6,"column":4},"end":{"line":6,"column":20}},"6":{"start":{"line":8,"column":4},"end":{"line":18,"column":6}},"7":{"start":{"line":9,"column":6},"end":{"line":17,"column":7}},"8":{"start":{"line":10,"column":8},"end":{"line":10,"column":51}},"9":{"start":{"line":12,"column":8},"end":{"line":12,"column":57}},"10":{"start":{"line":13,"column":8},"end":{"line":16,"column":39}},"11":{"start":{"line":14,"column":10},"end":{"line":14,"column":63}},"12":{"start":{"line":16,"column":10},"end":{"line":16,"column":39}},"13":{"start":{"line":20,"column":4},"end":{"line":20,"column":43}},"14":{"start":{"line":23,"column":2},"end":{"line":28,"column":4}},"15":{"start":{"line":24,"column":4},"end":{"line":26,"column":6}},"16":{"start":{"line":25,"column":6},"end":{"line":25,"column":61}},"17":{"start":{"line":27,"column":4},"end":{"line":27,"column":55}},"18":{"start":{"line":30,"column":2},"end":{"line":34,"column":4}},"19":{"start":{"line":31,"column":4},"end":{"line":31,"column":20}},"20":{"start":{"line":32,"column":4},"end":{"line":32,"column":39}},"21":{"start":{"line":33,"column":4},"end":{"line":33,"column":65}},"22":{"start":{"line":33,"column":39},"end":{"line":33,"column":62}},"23":{"start":{"line":36,"column":2},"end":{"line":36,"column":24}},"24":{"start":{"line":38,"column":2},"end":{"line":38,"column":19}},"25":{"start":{"line":40,"column":2},"end":{"line":44,"column":4}},"26":{"start":{"line":41,"column":4},"end":{"line":41,"column":70}},"27":{"start":{"line":42,"column":4},"end":{"line":43,"column":61}},"28":{"start":{"line":46,"column":2},"end":{"line":56,"column":4}},"29":{"start":{"line":47,"column":4},"end":{"line":47,"column":20}},"30":{"start":{"line":49,"column":4},"end":{"line":55,"column":5}},"31":{"start":{"line":50,"column":6},"end":{"line":50,"column":20}},"32":{"start":{"line":51,"column":6},"end":{"line":51,"column":62}},"33":{"start":{"line":51,"column":44},"end":{"line":51,"column":58}},"34":{"start":{"line":52,"column":6},"end":{"line":52,"column":72}},"35":{"start":{"line":52,"column":38},"end":{"line":52,"column":68}},"36":{"start":{"line":54,"column":6},"end":{"line":54,"column":53}},"37":{"start":{"line":58,"column":2},"end":{"line":58,"column":34}},"38":{"start":{"line":60,"column":2},"end":{"line":60,"column":36}},"39":{"start":{"line":62,"column":2},"end":{"line":62,"column":40}},"40":{"start":{"line":65,"column":0},"end":{"line":65,"column":28}}},"branchMap":{"1":{"line":9,"type":"if","locations":[{"start":{"line":9,"column":6},"end":{"line":9,"column":6}},{"start":{"line":9,"column":6},"end":{"line":9,"column":6}}]},"2":{"line":13,"type":"if","locations":[{"start":{"line":13,"column":8},"end":{"line":13,"column":8}},{"start":{"line":13,"column":8},"end":{"line":13,"column":8}}]},"3":{"line":25,"type":"binary-expr","locations":[{"start":{"line":25,"column":13},"end":{"line":25,"column":36}},{"start":{"line":25,"column":40},"end":{"line":25,"column":60}}]},"4":{"line":49,"type":"if","locations":[{"start":{"line":49,"column":4},"end":{"line":49,"column":4}},{"start":{"line":49,"column":4},"end":{"line":49,"column":4}}]}}}}