TN:
SF:/Users/artemchernyak/dev/js/tdjsa/testnode/stockfetch/src/stockfetch.js
FN:4,(anonymous_1)
FN:5,(anonymous_2)
FN:8,(anonymous_3)
FN:23,(anonymous_4)
FN:24,(anonymous_5)
FN:30,(anonymous_6)
FN:33,(anonymous_7)
FN:40,(anonymous_8)
FN:46,(anonymous_9)
FN:51,(anonymous_10)
FN:52,(anonymous_11)
FN:58,(anonymous_12)
FN:64,(anonymous_13)
FN:72,(anonymous_14)
FN:77,(anonymous_15)
FNF:15
FNH:15
FNDA:21,(anonymous_1)
FNDA:3,(anonymous_2)
FNDA:3,(anonymous_3)
FNDA:4,(anonymous_4)
FNDA:10,(anonymous_5)
FNDA:2,(anonymous_6)
FNDA:6,(anonymous_7)
FNDA:3,(anonymous_8)
FNDA:3,(anonymous_9)
FNDA:2,(anonymous_10)
FNDA:1,(anonymous_11)
FNDA:1,(anonymous_12)
FNDA:2,(anonymous_13)
FNDA:2,(anonymous_14)
FNDA:2,(anonymous_15)
DA:1,1
DA:2,1
DA:4,1
DA:5,21
DA:6,3
DA:8,3
DA:9,3
DA:10,1
DA:12,2
DA:13,2
DA:14,1
DA:16,1
DA:20,3
DA:23,21
DA:24,4
DA:25,10
DA:27,4
DA:30,21
DA:31,2
DA:32,2
DA:33,6
DA:36,21
DA:38,21
DA:40,21
DA:41,3
DA:42,3
DA:46,21
DA:47,3
DA:49,3
DA:50,2
DA:51,2
DA:52,2
DA:54,1
DA:58,21
DA:59,1
DA:62,21
DA:64,21
DA:65,2
DA:66,2
DA:67,2
DA:70,21
DA:72,21
DA:73,2
DA:74,2
DA:77,21
DA:80,1
LF:46
LH:46
BRDA:9,1,0,1
BRDA:9,1,1,2
BRDA:13,2,0,1
BRDA:13,2,1,1
BRDA:25,3,0,10
BRDA:25,3,1,6
BRDA:49,4,0,2
BRDA:49,4,1,1
BRF:8
BRH:8
end_of_record
